<?xml version="1.0" encoding="UTF-8"?>
<!-- Generated by org.testng.reporters.JUnitReportReporter -->
<testsuite skipped="0" hostname="Harry-PC" name="seleniumPackage.LaunchBrowser" tests="2" failures="0" timestamp="08 Jun 2020 15:11:55 GMT" time="22.999" errors="0">
  <testcase name="searchItems" time="11.757" classname="seleniumPackage.LaunchBrowser"/>
  <testcase name="launchBrowser" time="11.242" classname="seleniumPackage.LaunchBrowser"/>
</testsuite> <!-- seleniumPackage.LaunchBrowser -->
