<?xml version="1.0" encoding="UTF-8"?>
<!-- Generated by org.testng.reporters.JUnitReportReporter -->
<testsuite skipped="0" hostname="Harry-PC" name="seleniumPackage.launchBrowser" tests="2" failures="0" timestamp="31 May 2020 13:11:09 GMT" time="62.398" errors="0">
  <testcase name="launchBrowser" time="53.487" classname="seleniumPackage.launchBrowser"/>
  <testcase name="searchItems" time="8.911" classname="seleniumPackage.launchBrowser"/>
</testsuite> <!-- seleniumPackage.launchBrowser -->
