<?xml version="1.0" encoding="UTF-8"?>
<!-- Generated by org.testng.reporters.JUnitReportReporter -->
<testsuite skipped="0" hostname="Harry-PC" name="seleniumPackage.launchBrowser" tests="2" failures="0" timestamp="29 May 2020 05:51:10 GMT" time="17.755" errors="0">
  <testcase name="searchItems" time="9.390" classname="seleniumPackage.launchBrowser"/>
  <testcase name="launchBrowser" time="8.365" classname="seleniumPackage.launchBrowser"/>
</testsuite> <!-- seleniumPackage.launchBrowser -->
